<?xml version="1.0" encoding="UTF-8"?>
<testng-results skipped="0" failed="0" ignored="0" total="1" passed="1">
  <reporter-output>
  </reporter-output>
  <suite name="Default suite" duration-ms="15525" started-at="2019-01-06T10:43:10Z" finished-at="2019-01-06T10:43:26Z">
    <groups>
    </groups>
    <test name="Default test" duration-ms="15525" started-at="2019-01-06T10:43:10Z" finished-at="2019-01-06T10:43:26Z">
      <class name="TestCases.DemoTest">
        <test-method status="PASS" signature="my_First_Test_Case()[pri:0, instance:TestCases.DemoTest@2a2d45ba]" name="my_First_Test_Case" duration-ms="15491" started-at="2019-01-06T10:43:10Z" finished-at="2019-01-06T10:43:26Z">
          <reporter-output>
          </reporter-output>
        </test-method> <!-- my_First_Test_Case -->
      </class> <!-- TestCases.DemoTest -->
    </test> <!-- Default test -->
  </suite> <!-- Default suite -->
</testng-results>
